<?xml version="1.0" encoding="UTF-8"?>
<testsuite name="com.MainAdaptorTest" tests="1" skipped="1" failures="0" errors="0" timestamp="2022-09-12T19:56:30" hostname="Malindas-MBP.home" time="1652.88">
  <properties/>
  <testcase name="adaptFunction()" classname="com.MainAdaptorTest" time="1652.88">
    <skipped/>
  </testcase>
  <system-out><![CDATA[]]></system-out>
  <system-err><![CDATA[]]></system-err>
</testsuite>
